2026-06-09 09:31:03  INFO      ============================================================
2026-06-09 09:31:03  INFO      Έναρξη — 09/06/2026 09:31 UTC
2026-06-09 09:31:05  INFO      Ενεργό endpoint: https://www.eprocurement.gov.gr/actSearch/faces/non_logged_in_search_tenders.jspx
2026-06-09 09:31:05  INFO        CPV 31681500-8...
2026-06-09 09:31:09  INFO        CPV 31158000-8...
2026-06-09 09:31:12  INFO        CPV 34144900-7...
2026-06-09 09:31:15  INFO        CPV 48422000-2...
2026-06-09 09:31:19  INFO        CPV 32440000-9...
2026-06-09 09:31:22  INFO        CPV 34410000-4...
2026-06-09 09:31:25  INFO        CPV 34421000-7...
2026-06-09 09:31:29  INFO        CPV 34422000-7...
2026-06-09 09:31:32  INFO        CPV 34430000-0...
2026-06-09 09:31:35  INFO        CPV 34432000-4...
2026-06-09 09:31:39  INFO        CPV 48210000-3...
2026-06-09 09:31:42  INFO        CPV 48421000-5...
2026-06-09 09:31:45  INFO        CPV 48781000-6...
2026-06-09 09:31:49  INFO        CPV 50000000-5...
2026-06-09 09:31:52  INFO        CPV 50111100-7...
2026-06-09 09:31:55  INFO        CPV 50111110-0...
2026-06-09 09:31:59  INFO        CPV 50115100-5...
2026-06-09 09:32:02  INFO        CPV 50115200-6...
2026-06-09 09:32:05  INFO        CPV 51612000-5...
2026-06-09 09:32:09  INFO        CPV 71311200-3...
2026-06-09 09:32:12  INFO        CPV 71311210-6...
2026-06-09 09:32:16  INFO        CPV 71311300-4...
2026-06-09 09:32:19  INFO        CPV 71356300-1...
2026-06-09 09:32:22  INFO        CPV 72212421-6...
2026-06-09 09:32:26  INFO        CPV 72212781-7...
2026-06-09 09:32:29  INFO        CPV 72262000-9...
2026-06-09 09:32:32  INFO        CPV 72263000-6...
2026-06-09 09:32:36  INFO        CPV 72265000-0...
2026-06-09 09:32:39  INFO        CPV 72266000-7...
2026-06-09 09:32:42  INFO        CPV 72416000-9...
2026-06-09 09:32:46  INFO        CPV 73210000-7...
2026-06-09 09:32:49  INFO        CPV 73220000-0...
2026-06-09 09:32:52  INFO        CPV 73300000-5...
2026-06-09 09:32:56  INFO        CPV 79311100-8...
2026-06-09 09:32:59  INFO        CPV 79341000-6...
2026-06-09 09:33:02  INFO        CPV 79341400-0...
2026-06-09 09:33:06  INFO        CPV 79342200-5...
2026-06-09 09:33:09  INFO        CPV 79342321-9...
2026-06-09 09:33:12  INFO        CPV 79993100-2...
2026-06-09 09:33:16  INFO        CPV 80533100-0...
2026-06-09 09:33:19  INFO      Αποθηκεύτηκαν 0 διαγωνισμοί → results.json
2026-06-09 09:33:19  INFO      Νέοι: 0 | Σύνολο: 0
2026-06-09 09:33:19  INFO      ============================================================
